build/app/intermediates/manifest_merge_blame_file/release/manifest-merger-blame-release-report.txt
1<?xml version="1.0" encoding="utf-8"?>
2<manifest xmlns:android="http://schemas.android.com/apk/res/android"
3    package="com.example.ventilator"
4    android:versionCode="1"
5    android:versionName="1.0.0" >
6
7    <uses-sdk
8        android:minSdkVersion="21"
8-->src/main/AndroidManifest.xml
9        android:targetSdkVersion="28" />
9-->src/main/AndroidManifest.xml
10    <!--
11         io.flutter.app.FlutterApplication is an android.app.Application that
12         calls FlutterMain.startInitialization(this); in its onCreate method.
13         In most cases you can leave this as-is, but you if you want to provide
14         additional functionality it is fine to subclass or reimplement
15         FlutterApplication and put your custom class here.
16    -->
17    <uses-permission android:name="android.permission.WAKE_LOCK" />
17-->src/main/AndroidManifest.xml:10:10-73
17-->src/main/AndroidManifest.xml:10:27-70
18    <uses-permission android:name="android.permission.DEVICE_POWER" />
18-->src/main/AndroidManifest.xml:11:5-12:47
18-->src/main/AndroidManifest.xml:11:22-68
19    <uses-permission android:name="android.permission.REBOOT" />
19-->src/main/AndroidManifest.xml:13:5-14:65
19-->src/main/AndroidManifest.xml:13:22-62
20    <!-- <uses-permission android:name="android.permission.SHUTDOWN" -->
21    <!-- tools:ignore="signatureOrSystem" /> -->
22    <uses-permission android:name="android.permission.REORDER_TASKS" />
22-->src/main/AndroidManifest.xml:17:5-72
22-->src/main/AndroidManifest.xml:17:22-69
23    <uses-permission android:name="android.permission.SYSTEM_ALERT_WINDOW" />
23-->src/main/AndroidManifest.xml:18:5-78
23-->src/main/AndroidManifest.xml:18:22-75
24    <uses-permission
24-->src/main/AndroidManifest.xml:19:5-21:47
25        android:name="android.permission.MANAGE_USB"
25-->src/main/AndroidManifest.xml:19:22-66
26        android:protectionLevel="signature" />
26-->src/main/AndroidManifest.xml:20:9-44
27
28    <uses-feature
28-->src/main/AndroidManifest.xml:22:5-23:34
29        android:name="android.hardware.usb.host"
29-->src/main/AndroidManifest.xml:22:19-59
30        android:required="true" />
30-->src/main/AndroidManifest.xml:23:9-32
31    <!-- <uses-permission android:name="android.permission.REQUEST_IGNORE_BATTERY_OPTIMIZATIONS"/> -->
32    <uses-permission android:name="android.permission.ACCESS_NETWORK_STATE" />
32-->src/main/AndroidManifest.xml:25:5-79
32-->src/main/AndroidManifest.xml:25:22-76
33    <uses-permission android:name="android.permission.INTERNET" />
33-->src/main/AndroidManifest.xml:26:5-67
33-->src/main/AndroidManifest.xml:26:22-64
34    <uses-permission android:name="android.permission.WRITE_EXTERNAL_STORAGE" />
34-->src/main/AndroidManifest.xml:27:5-81
34-->src/main/AndroidManifest.xml:27:22-78
35    <uses-permission android:name="android.permission.REQUEST_INSTALL_PACKAGES" />
35-->src/main/AndroidManifest.xml:28:5-83
35-->src/main/AndroidManifest.xml:28:22-80
36    <!-- <uses-feature android:name="android.hardware.usb.host" -->
37    <!-- android:required="true"/> -->
38    <application
38-->src/main/AndroidManifest.xml:34:5-107:19
39        android:name="io.flutter.app.FlutterApplication"
39-->src/main/AndroidManifest.xml:34:18-66
40        android:appComponentFactory="androidx.core.app.CoreComponentFactory"
40-->[androidx.core:core:1.1.0] AndroidManifest.xml:24:18-86
41        android:label="Ventilator" >
41-->src/main/AndroidManifest.xml:35:9-35
42        <meta-data
42-->src/main/AndroidManifest.xml:36:9-72
43            android:name="flutterEmbedding"
43-->src/main/AndroidManifest.xml:36:20-51
44            android:value="2" />
44-->src/main/AndroidManifest.xml:36:52-69
45
46        <activity
46-->src/main/AndroidManifest.xml:38:9-64:20
47            android:name="com.example.ventilator.MainActivity"
47-->src/main/AndroidManifest.xml:38:19-47
48            android:configChanges="orientation|keyboardHidden|keyboard|screenSize|locale|layoutDirection|fontScale|screenLayout|density|uiMode"
48-->src/main/AndroidManifest.xml:40:13-144
49            android:exported="true"
49-->src/main/AndroidManifest.xml:43:13-36
50            android:hardwareAccelerated="false"
50-->src/main/AndroidManifest.xml:41:13-48
51            android:launchMode="singleTop"
51-->src/main/AndroidManifest.xml:42:13-43
52            android:screenOrientation="fullSensor"
52-->src/main/AndroidManifest.xml:39:13-51
53            android:theme="@style/LaunchTheme"
53-->src/main/AndroidManifest.xml:44:13-47
54            android:windowSoftInputMode="adjustResize" >
54-->src/main/AndroidManifest.xml:45:13-55
55            <meta-data
55-->src/main/AndroidManifest.xml:47:13-113
56                android:name="io.flutter.app.android.SplashScreenUntilFirstFrame"
56-->src/main/AndroidManifest.xml:47:24-89
57                android:value="true" />
57-->src/main/AndroidManifest.xml:47:90-110
58
59            <intent-filter>
59-->src/main/AndroidManifest.xml:48:13-54:29
60
61                <!-- <action android:name="android.intent.action.ACTION_REQUEST_SHUTDOWN" /> -->
62                <action android:name="android.intent.action.MAIN" />
62-->src/main/AndroidManifest.xml:50:17-69
62-->src/main/AndroidManifest.xml:50:25-66
63
64                <category android:name="android.intent.category.LAUNCHER" />
64-->src/main/AndroidManifest.xml:51:17-77
64-->src/main/AndroidManifest.xml:51:27-74
65                <category android:name="android.intent.category.HOME" />
65-->src/main/AndroidManifest.xml:52:17-73
65-->src/main/AndroidManifest.xml:52:27-70
66                <category android:name="android.intent.category.DEFAULT" />
66-->src/main/AndroidManifest.xml:53:17-76
66-->src/main/AndroidManifest.xml:53:27-73
67            </intent-filter>
68            <intent-filter>
68-->src/main/AndroidManifest.xml:56:14-59:29
69                <action android:name="android.hardware.usb.action.USB_DEVICE_ATTACHED" />
69-->src/main/AndroidManifest.xml:57:17-90
69-->src/main/AndroidManifest.xml:57:25-87
70            </intent-filter>
71
72            <meta-data
72-->src/main/AndroidManifest.xml:61:13-62:57
73                android:name="android.hardware.usb.action.USB_DEVICE_ATTACHED"
73-->src/main/AndroidManifest.xml:61:24-86
74                android:resource="@xml/device_filter" />
74-->src/main/AndroidManifest.xml:62:17-54
75        </activity>
76
77        <receiver
77-->src/main/AndroidManifest.xml:66:9-78:20
78            android:name="com.example.ventilator.MyDeviceAdminReceiver"
78-->src/main/AndroidManifest.xml:67:13-50
79            android:permission="android.permission.BIND_DEVICE_ADMIN" >
79-->src/main/AndroidManifest.xml:68:13-70
80            <meta-data
80-->src/main/AndroidManifest.xml:69:13-71:65
81                android:name="android.app.device_admin"
81-->src/main/AndroidManifest.xml:70:17-56
82                android:resource="@xml/device_admin_receiver" />
82-->src/main/AndroidManifest.xml:71:17-62
83
84            <intent-filter>
84-->src/main/AndroidManifest.xml:73:13-77:29
85                <action android:name="android.app.action.DEVICE_ADMIN_ENABLED" />
85-->src/main/AndroidManifest.xml:74:17-82
85-->src/main/AndroidManifest.xml:74:25-79
86                <action android:name="android.intent.action.PROFILE_PROVISIONING_COMPLETE" />
86-->src/main/AndroidManifest.xml:75:17-93
86-->src/main/AndroidManifest.xml:75:25-91
87                <action android:name="android.intent.action.BOOT_COMPLETED" />
87-->src/main/AndroidManifest.xml:76:17-78
87-->src/main/AndroidManifest.xml:76:25-76
88            </intent-filter>
89        </receiver>
90
91        <provider
92            android:name="androidx.core.content.FileProvider"
92-->src/main/AndroidManifest.xml:81:13-62
93            android:authorities="com.example.ventilator.provider"
93-->src/main/AndroidManifest.xml:82:13-60
94            android:exported="false"
94-->src/main/AndroidManifest.xml:83:13-37
95            android:grantUriPermissions="true" >
95-->src/main/AndroidManifest.xml:84:13-47
96            <meta-data
96-->src/main/AndroidManifest.xml:85:13-87:63
97                android:name="android.support.FILE_PROVIDER_PATHS"
97-->src/main/AndroidManifest.xml:86:17-67
98                android:resource="@xml/file_provider_paths" />
98-->src/main/AndroidManifest.xml:87:17-60
99        </provider>
100
101        <activity
101-->src/main/AndroidManifest.xml:91:9-105:20
102            android:name="com.example.ventilator.UsbEventReceiverActivity"
102-->src/main/AndroidManifest.xml:92:13-53
103            android:excludeFromRecents="true"
103-->src/main/AndroidManifest.xml:96:13-46
104            android:exported="false"
104-->src/main/AndroidManifest.xml:99:13-37
105            android:label="Ventilator"
105-->src/main/AndroidManifest.xml:93:13-39
106            android:noHistory="true"
106-->src/main/AndroidManifest.xml:95:13-37
107            android:process=":UsbEventReceiverActivityProcess"
107-->src/main/AndroidManifest.xml:98:13-63
108            android:taskAffinity="com.example.taskAffinityUsbEventReceiver"
108-->src/main/AndroidManifest.xml:97:13-76
109            android:theme="@style/Theme.Transparent" >
109-->src/main/AndroidManifest.xml:94:13-53
110            <intent-filter>
110-->src/main/AndroidManifest.xml:56:14-59:29
111                <action android:name="android.hardware.usb.action.USB_DEVICE_ATTACHED" />
111-->src/main/AndroidManifest.xml:57:17-90
111-->src/main/AndroidManifest.xml:57:25-87
112            </intent-filter>
113
114            <meta-data
114-->src/main/AndroidManifest.xml:61:13-62:57
115                android:name="android.hardware.usb.action.USB_DEVICE_ATTACHED"
115-->src/main/AndroidManifest.xml:61:24-86
116                android:resource="@xml/device_filter" />
116-->src/main/AndroidManifest.xml:62:17-54
117        </activity>
118        <activity
118-->[com.nabinbhandari.android:permissions:3.8] AndroidManifest.xml:12:9-14:67
119            android:name="com.nabinbhandari.android.permissions.PermissionsActivity"
119-->[com.nabinbhandari.android:permissions:3.8] AndroidManifest.xml:13:13-85
120            android:theme="@style/Permissions.TransparentTheme" />
120-->[com.nabinbhandari.android:permissions:3.8] AndroidManifest.xml:14:13-64
121    </application>
122
123</manifest>